<?xml version="1.0" encoding="UTF-8" standalone="no"?>
<testsuite errors="0" failures="1" name="io.cucumber.core.plugin.JUnitFormatter" skipped="0" tests="694" time="5.958">
<testcase classname="Consulta de CFOP'S" name="Ver a quantidade de CFOP cadastradas" time="0.558">
<system-out><![CDATA[Dado que eu quero uma listagem de CFOP's....................................passed
Quando Eu solicitar a listagem destas CFOP's................................passed
Então Eu devo ter um total de 692 cfops.....................................passed
]]></system-out>
</testcase>
<testcase classname="Consulta de CFOP'S" name="Pesquisar uma CFOP pelo código" time="0.115">
<system-out><![CDATA[Dado que eu tenha um 1000...................................................passed
Quando Eu solicitar a listagem destas CFOP's................................passed
Então Eu devo ter como retorno a "ENTRADAS OU AQUISIÇÕES DE SERVIÇOS DO ESTADO".passed
]]></system-out>
</testcase>
<testcase classname="Consulta de CFOP'S" name="Pesquisar uma CFOP pelo código 2" time="0.007">
<system-out><![CDATA[Dado que eu tenha um 1100...................................................passed
Quando Eu solicitar a listagem destas CFOP's................................passed
Então Eu devo ter como retorno a "COMPRAS PARA INDUTRIALIZAÇÃO, PRODUÇÃO RURAL, COMERCIALIZAÇÃO OU PRESTAÇÃO DE SERVIÇOS".passed
]]></system-out>
</testcase>
<testcase classname="Consulta de CFOP'S" name="Pesquisar uma CFOP pelo código 3" time="0.007">
<system-out><![CDATA[Dado que eu tenha um 1101...................................................passed
Quando Eu solicitar a listagem destas CFOP's................................passed
Então Eu devo ter como retorno a "Compra para industrialização".............passed
]]></system-out>
</testcase>
<testcase classname="Consulta de CFOP'S" name="Pesquisar uma CFOP pelo código 4" time="0.008">
<system-out><![CDATA[Dado que eu tenha um 1102...................................................passed
Quando Eu solicitar a listagem destas CFOP's................................passed
Então Eu devo ter como retorno a "Compra para comercialização"..............passed
]]></system-out>
</testcase>
<testcase classname="Consulta de CFOP'S" name="Pesquisar uma CFOP pelo código 5" time="0.006">
<system-out><![CDATA[Dado que eu tenha um 1111...................................................passed
Quando Eu solicitar a listagem destas CFOP's................................passed
Então Eu devo ter como retorno a "Compra para industrialização de mercadoria recebida anteriormente em consignação industrial".passed
]]></system-out>
</testcase>
<testcase classname="Consulta de CFOP'S" name="Pesquisar uma CFOP pelo código 6" time="0.006">
<system-out><![CDATA[Dado que eu tenha um 1113...................................................passed
Quando Eu solicitar a listagem destas CFOP's................................passed
Então Eu devo ter como retorno a "Compra para comercialização, de mercadoria recebida anteriormente em consignação mercantil".passed
]]></system-out>
</testcase>
<testcase classname="Consulta de CFOP'S" name="Pesquisar uma CFOP pelo código 7" time="0.006">
<system-out><![CDATA[Dado que eu tenha um 1116...................................................passed
Quando Eu solicitar a listagem destas CFOP's................................passed
Então Eu devo ter como retorno a "Compra para industrialização originada de encomenda para recebimento futuro".passed
]]></system-out>
</testcase>
<testcase classname="Consulta de CFOP'S" name="Pesquisar uma CFOP pelo código 8" time="0.007">
<system-out><![CDATA[Dado que eu tenha um 1117...................................................passed
Quando Eu solicitar a listagem destas CFOP's................................passed
Então Eu devo ter como retorno a "Compra para comercialização originada de encomenda para recebimento futuro".passed
]]></system-out>
</testcase>
<testcase classname="Consulta de CFOP'S" name="Pesquisar uma CFOP pelo código 9" time="0.006">
<system-out><![CDATA[Dado que eu tenha um 1118...................................................passed
Quando Eu solicitar a listagem destas CFOP's................................passed
Então Eu devo ter como retorno a "Compra de mercadoria para comercialização pelo adquirente originário, entregue pelo vendedor remetente ao destinatário, em venda à ordem".passed
]]></system-out>
</testcase>
<testcase classname="Consulta de CFOP'S" name="Pesquisar uma CFOP pelo código 10" time="0.006">
<system-out><![CDATA[Dado que eu tenha um 1120...................................................passed
Quando Eu solicitar a listagem destas CFOP's................................passed
Então Eu devo ter como retorno a "Compra para industrialização, em venda à ordem, já recebida do vendedor remetente".passed
]]></system-out>
</testcase>
<testcase classname="Consulta de CFOP'S" name="Pesquisar uma CFOP pelo código 11" time="0.006">
<system-out><![CDATA[Dado que eu tenha um 1121...................................................passed
Quando Eu solicitar a listagem destas CFOP's................................passed
Então Eu devo ter como retorno a "Compra para comercialização, em venda à ordem, já recebida do vendedor remetente".passed
]]></system-out>
</testcase>
<testcase classname="Consulta de CFOP'S" name="Pesquisar uma CFOP pelo código 12" time="0.007">
<system-out><![CDATA[Dado que eu tenha um 1122...................................................passed
Quando Eu solicitar a listagem destas CFOP's................................passed
Então Eu devo ter como retorno a "Compra para industrialização em que a mercadoria foi remetida pelo fornecedor ao industrializador sem transitar pelo estabelecimento adquirente".passed
]]></system-out>
</testcase>
<testcase classname="Consulta de CFOP'S" name="Pesquisar uma CFOP pelo código 13" time="0.006">
<system-out><![CDATA[Dado que eu tenha um 1124...................................................passed
Quando Eu solicitar a listagem destas CFOP's................................passed
Então Eu devo ter como retorno a "Industrialização efetuada por outra empresa".passed
]]></system-out>
</testcase>
<testcase classname="Consulta de CFOP'S" name="Pesquisar uma CFOP pelo código 14" time="0.006">
<system-out><![CDATA[Dado que eu tenha um 1125...................................................passed
Quando Eu solicitar a listagem destas CFOP's................................passed
Então Eu devo ter como retorno a "Industrialização efetuada por outra empresa quando a mercadoria remetida para utilização no processo de industrialização não transitou pelo estabelecimento adquirente da mercadoria".passed
]]></system-out>
</testcase>
<testcase classname="Consulta de CFOP'S" name="Pesquisar uma CFOP pelo código 15" time="0.01">
<system-out><![CDATA[Dado que eu tenha um 1126...................................................passed
Quando Eu solicitar a listagem destas CFOP's................................passed
Então Eu devo ter como retorno a "Compra para utilização na prestação de serviço".passed
]]></system-out>
</testcase>
<testcase classname="Consulta de CFOP'S" name="Pesquisar uma CFOP pelo código 16" time="0.006">
<system-out><![CDATA[Dado que eu tenha um 1128...................................................passed
Quando Eu solicitar a listagem destas CFOP's................................passed
Então Eu devo ter como retorno a "Compra para utilização na prestação de serviço sujeita ao ISSQN".passed
]]></system-out>
</testcase>
<testcase classname="Consulta de CFOP'S" name="Pesquisar uma CFOP pelo código 17" time="0.005">
<system-out><![CDATA[Dado que eu tenha um 1131...................................................passed
Quando Eu solicitar a listagem destas CFOP's................................passed
Então Eu devo ter como retorno a "Entrada de mercadoria com previsão de posterior ajuste ou fixação de preço, decorrente de operação de ato cooperativo.".passed
]]></system-out>
</testcase>
<testcase classname="Consulta de CFOP'S" name="Pesquisar uma CFOP pelo código 18" time="0.005">
<system-out><![CDATA[Dado que eu tenha um 1132...................................................passed
Quando Eu solicitar a listagem destas CFOP's................................passed
Então Eu devo ter como retorno a "Fixação de preço de produção do estabelecimento produtor, inclusive quando remetidas anteriormente com previsão de posterior ajuste ou fixação de preço, em ato cooperativo, para comercialização".passed
]]></system-out>
</testcase>
<testcase classname="Consulta de CFOP'S" name="Pesquisar uma CFOP pelo código 19" time="0.005">
<system-out><![CDATA[Dado que eu tenha um 1135...................................................passed
Quando Eu solicitar a listagem destas CFOP's................................passed
Então Eu devo ter como retorno a "Fixação de preço de produção do estabelecimento produtor, inclusive quando remetidas anteriormente com previsão de posterior ajuste ou fixação de preço, em ato cooperativo, para industrialização.".passed
]]></system-out>
</testcase>
<testcase classname="Consulta de CFOP'S" name="Pesquisar uma CFOP pelo código 20" time="0.005">
<system-out><![CDATA[Dado que eu tenha um 1150...................................................passed
Quando Eu solicitar a listagem destas CFOP's................................passed
Então Eu devo ter como retorno a "TRANSFERÊNCIAS PARA INDUSTRIAZAÇÃO, PRODUÇÃO RURAL, COMERCIALIZAÇÃO OU PRESTAÇÃO DE SERVIÇOS".passed
]]></system-out>
</testcase>
<testcase classname="Consulta de CFOP'S" name="Pesquisar uma CFOP pelo código 21" time="0.005">
<system-out><![CDATA[Dado que eu tenha um 1151...................................................passed
Quando Eu solicitar a listagem destas CFOP's................................passed
Então Eu devo ter como retorno a "Transferência para industrialização"......passed
]]></system-out>
</testcase>
<testcase classname="Consulta de CFOP'S" name="Pesquisar uma CFOP pelo código 22" time="0.005">
<system-out><![CDATA[Dado que eu tenha um 1152...................................................passed
Quando Eu solicitar a listagem destas CFOP's................................passed
Então Eu devo ter como retorno a "Transferência para comercialização".......passed
]]></system-out>
</testcase>
<testcase classname="Consulta de CFOP'S" name="Pesquisar uma CFOP pelo código 23" time="0.005">
<system-out><![CDATA[Dado que eu tenha um 1153...................................................passed
Quando Eu solicitar a listagem destas CFOP's................................passed
Então Eu devo ter como retorno a "Transferência de energia elétrica para distribuição".passed
]]></system-out>
</testcase>
<testcase classname="Consulta de CFOP'S" name="Pesquisar uma CFOP pelo código 24" time="0.005">
<system-out><![CDATA[Dado que eu tenha um 1154...................................................passed
Quando Eu solicitar a listagem destas CFOP's................................passed
Então Eu devo ter como retorno a "Transferência para utilização na prestação de serviço".passed
]]></system-out>
</testcase>
<testcase classname="Consulta de CFOP'S" name="Pesquisar uma CFOP pelo código 25" time="0.005">
<system-out><![CDATA[Dado que eu tenha um 1159...................................................passed
Quando Eu solicitar a listagem destas CFOP's................................passed
Então Eu devo ter como retorno a "Entrada decorrente do fornecimento de produto ou mercadoria de ato cooperativo".passed
]]></system-out>
</testcase>
<testcase classname="Consulta de CFOP'S" name="Pesquisar uma CFOP pelo código 26" time="0.005">
<system-out><![CDATA[Dado que eu tenha um 1200...................................................passed
Quando Eu solicitar a listagem destas CFOP's................................passed
Então Eu devo ter como retorno a "DEVOLUÇÕES DE VENDAS DE PRODUÇÃO, DE TERCEIROS OU ANULAÇÕES DE VALORES".passed
]]></system-out>
</testcase>
<testcase classname="Consulta de CFOP'S" name="Pesquisar uma CFOP pelo código 27" time="0.005">
<system-out><![CDATA[Dado que eu tenha um 1201...................................................passed
Quando Eu solicitar a listagem destas CFOP's................................passed
Então Eu devo ter como retorno a "Devolução de venda de produção do estabelecimento".passed
]]></system-out>
</testcase>
<testcase classname="Consulta de CFOP'S" name="Pesquisar uma CFOP pelo código 28" time="0.005">
<system-out><![CDATA[Dado que eu tenha um 1202...................................................passed
Quando Eu solicitar a listagem destas CFOP's................................passed
Então Eu devo ter como retorno a "Devolução de venda de mercadoria adquirida ou recebida de terceiros".passed
]]></system-out>
</testcase>
<testcase classname="Consulta de CFOP'S" name="Pesquisar uma CFOP pelo código 29" time="0.005">
<system-out><![CDATA[Dado que eu tenha um 1203...................................................passed
Quando Eu solicitar a listagem destas CFOP's................................passed
Então Eu devo ter como retorno a "Devolução de venda de produção do estabelecimento, destinada à Zona Franca de Manaus ou Áreas de Livre Comércio".passed
]]></system-out>
</testcase>
<testcase classname="Consulta de CFOP'S" name="Pesquisar uma CFOP pelo código 30" time="0.005">
<system-out><![CDATA[Dado que eu tenha um 1204...................................................passed
Quando Eu solicitar a listagem destas CFOP's................................passed
Então Eu devo ter como retorno a "Devolução de venda de mercadoria adquirida ou recebida de terceiros, destinada à Zona Franca de Manaus ou Áreas de Livre Comércio".passed
]]></system-out>
</testcase>
<testcase classname="Consulta de CFOP'S" name="Pesquisar uma CFOP pelo código 31" time="0.004">
<system-out><![CDATA[Dado que eu tenha um 1205...................................................passed
Quando Eu solicitar a listagem destas CFOP's................................passed
Então Eu devo ter como retorno a "Anulação de valor relativo à prestação de serviço de comunicação".passed
]]></system-out>
</testcase>
<testcase classname="Consulta de CFOP'S" name="Pesquisar uma CFOP pelo código 32" time="0.005">
<system-out><![CDATA[Dado que eu tenha um 1206...................................................passed
Quando Eu solicitar a listagem destas CFOP's................................passed
Então Eu devo ter como retorno a "Anulação de valor relativo à prestação de serviço de transporte".passed
]]></system-out>
</testcase>
<testcase classname="Consulta de CFOP'S" name="Pesquisar uma CFOP pelo código 33" time="0.01">
<system-out><![CDATA[Dado que eu tenha um 1207...................................................passed
Quando Eu solicitar a listagem destas CFOP's................................passed
Então Eu devo ter como retorno a "Anulação de valor relativo à venda de energia elétrica".passed
]]></system-out>
</testcase>
<testcase classname="Consulta de CFOP'S" name="Pesquisar uma CFOP pelo código 34" time="0.005">
<system-out><![CDATA[Dado que eu tenha um 1208...................................................passed
Quando Eu solicitar a listagem destas CFOP's................................passed
Então Eu devo ter como retorno a "Devolução de produção do estabelecimento, remetida em transferência".passed
]]></system-out>
</testcase>
<testcase classname="Consulta de CFOP'S" name="Pesquisar uma CFOP pelo código 35" time="0.004">
<system-out><![CDATA[Dado que eu tenha um 1209...................................................passed
Quando Eu solicitar a listagem destas CFOP's................................passed
Então Eu devo ter como retorno a "Devolução de mercadoria adquirida ou recebida de terceiros, remetida em transferência".passed
]]></system-out>
</testcase>
<testcase classname="Consulta de CFOP'S" name="Pesquisar uma CFOP pelo código 36" time="0.005">
<system-out><![CDATA[Dado que eu tenha um 1212...................................................passed
Quando Eu solicitar a listagem destas CFOP's................................passed
Então Eu devo ter como retorno a "Devolução de venda no mercado interno de mercadoria industrializada e insumo importado sob o Regime Aduaneiro Especial de Entreposto Industrial sob Controle Informatizado do Sistema Público de Escrituração Digital (Recof-Sped)".passed
]]></system-out>
</testcase>
<testcase classname="Consulta de CFOP'S" name="Pesquisar uma CFOP pelo código 37" time="0.005">
<system-out><![CDATA[Dado que eu tenha um 1213...................................................passed
Quando Eu solicitar a listagem destas CFOP's................................passed
Então Eu devo ter como retorno a "Devolução de remessa de produção do estabelecimento com previsão de posterior ajuste ou fixação de preço, em ato cooperativo.".passed
]]></system-out>
</testcase>
<testcase classname="Consulta de CFOP'S" name="Pesquisar uma CFOP pelo código 38" time="0.005">
<system-out><![CDATA[Dado que eu tenha um 1214...................................................passed
Quando Eu solicitar a listagem destas CFOP's................................passed
Então Eu devo ter como retorno a "Devolução de fixação de preço de produção do estabelecimento produtor, de ato cooperativo.".passed
]]></system-out>
</testcase>
<testcase classname="Consulta de CFOP'S" name="Pesquisar uma CFOP pelo código 39" time="0.004">
<system-out><![CDATA[Dado que eu tenha um 1215...................................................passed
Quando Eu solicitar a listagem destas CFOP's................................passed
Então Eu devo ter como retorno a "Devolução de fornecimento de produção do estabelecimento de ato cooperativo".passed
]]></system-out>
</testcase>
<testcase classname="Consulta de CFOP'S" name="Pesquisar uma CFOP pelo código 40" time="0.004">
<system-out><![CDATA[Dado que eu tenha um 1216...................................................passed
Quando Eu solicitar a listagem destas CFOP's................................passed
Então Eu devo ter como retorno a "Devolução de fornecimento de mercadoria adquirida ou recebida de terceiros de ato cooperativo".passed
]]></system-out>
</testcase>
<testcase classname="Consulta de CFOP'S" name="Pesquisar uma CFOP pelo código 41" time="0.005">
<system-out><![CDATA[Dado que eu tenha um 1250...................................................passed
Quando Eu solicitar a listagem destas CFOP's................................passed
Então Eu devo ter como retorno a "COMPRAS DE ENERGIA ELÉTRICA"..............passed
]]></system-out>
</testcase>
<testcase classname="Consulta de CFOP'S" name="Pesquisar uma CFOP pelo código 42" time="0.004">
<system-out><![CDATA[Dado que eu tenha um 1251...................................................passed
Quando Eu solicitar a listagem destas CFOP's................................passed
Então Eu devo ter como retorno a "Compra de energia elétrica para distribuição ou comercialização".passed
]]></system-out>
</testcase>
<testcase classname="Consulta de CFOP'S" name="Pesquisar uma CFOP pelo código 43" time="0.004">
<system-out><![CDATA[Dado que eu tenha um 1252...................................................passed
Quando Eu solicitar a listagem destas CFOP's................................passed
Então Eu devo ter como retorno a "Compra de energia elétrica por estabelecimento industrial".passed
]]></system-out>
</testcase>
<testcase classname="Consulta de CFOP'S" name="Pesquisar uma CFOP pelo código 44" time="0.004">
<system-out><![CDATA[Dado que eu tenha um 1253...................................................passed
Quando Eu solicitar a listagem destas CFOP's................................passed
Então Eu devo ter como retorno a "Compra de energia elétrica por estabelecimento comercial".passed
]]></system-out>
</testcase>
<testcase classname="Consulta de CFOP'S" name="Pesquisar uma CFOP pelo código 45" time="0.004">
<system-out><![CDATA[Dado que eu tenha um 1254...................................................passed
Quando Eu solicitar a listagem destas CFOP's................................passed
Então Eu devo ter como retorno a "Compra de energia elétrica por estabelecimento prestador de serviço de transporte".passed
]]></system-out>
</testcase>
<testcase classname="Consulta de CFOP'S" name="Pesquisar uma CFOP pelo código 46" time="0.004">
<system-out><![CDATA[Dado que eu tenha um 1255...................................................passed
Quando Eu solicitar a listagem destas CFOP's................................passed
Então Eu devo ter como retorno a "Compra de energia elétrica por estabelecimento prestador de serviço de comunicação".passed
]]></system-out>
</testcase>
<testcase classname="Consulta de CFOP'S" name="Pesquisar uma CFOP pelo código 47" time="0.004">
<system-out><![CDATA[Dado que eu tenha um 1256...................................................passed
Quando Eu solicitar a listagem destas CFOP's................................passed
Então Eu devo ter como retorno a "Compra de energia elétrica por estabelecimento de produtor rural".passed
]]></system-out>
</testcase>
<testcase classname="Consulta de CFOP'S" name="Pesquisar uma CFOP pelo código 48" time="0.004">
<system-out><![CDATA[Dado que eu tenha um 1257...................................................passed
Quando Eu solicitar a listagem destas CFOP's................................passed
Então Eu devo ter como retorno a "Compra de energia elétrica para consumo por demanda contratada".passed
]]></system-out>
</testcase>
<testcase classname="Consulta de CFOP'S" name="Pesquisar uma CFOP pelo código 49" time="0.004">
<system-out><![CDATA[Dado que eu tenha um 1300...................................................passed
Quando Eu solicitar a listagem destas CFOP's................................passed
Então Eu devo ter como retorno a "AQUISIÇÕES DE SERVIÇOS DE COMUNICAÇÃO"....passed
]]></system-out>
</testcase>
<testcase classname="Consulta de CFOP'S" name="Pesquisar uma CFOP pelo código 50" time="0.005">
<system-out><![CDATA[Dado que eu tenha um 1301...................................................passed
Quando Eu solicitar a listagem destas CFOP's................................passed
Então Eu devo ter como retorno a "Aquisição de serviço de comunicação para execução de serviço da mesma natureza".passed
]]></system-out>
</testcase>
<testcase classname="Consulta de CFOP'S" name="Pesquisar uma CFOP pelo código 51" time="0.004">
<system-out><![CDATA[Dado que eu tenha um 1302...................................................passed
Quando Eu solicitar a listagem destas CFOP's................................passed
Então Eu devo ter como retorno a "Aquisição de serviço de comunicação por estabelecimento industrial".passed
]]></system-out>
</testcase>
<testcase classname="Consulta de CFOP'S" name="Pesquisar uma CFOP pelo código 52" time="0.004">
<system-out><![CDATA[Dado que eu tenha um 1303...................................................passed
Quando Eu solicitar a listagem destas CFOP's................................passed
Então Eu devo ter como retorno a "Aquisição de serviço de comunicação por estabelecimento comercial".passed
]]></system-out>
</testcase>
<testcase classname="Consulta de CFOP'S" name="Pesquisar uma CFOP pelo código 53" time="0.004">
<system-out><![CDATA[Dado que eu tenha um 1304...................................................passed
Quando Eu solicitar a listagem destas CFOP's................................passed
Então Eu devo ter como retorno a "Aquisição de serviço de comunicação por estabelecimento de prestador de serviço de transporte".passed
]]></system-out>
</testcase>
<testcase classname="Consulta de CFOP'S" name="Pesquisar uma CFOP pelo código 54" time="0.004">
<system-out><![CDATA[Dado que eu tenha um 1305...................................................passed
Quando Eu solicitar a listagem destas CFOP's................................passed
Então Eu devo ter como retorno a "Aquisição de serviço de comunicação por estabelecimento de geradora ou de distribuidora de energia elétrica".passed
]]></system-out>
</testcase>
<testcase classname="Consulta de CFOP'S" name="Pesquisar uma CFOP pelo código 55" time="0.005">
<system-out><![CDATA[Dado que eu tenha um 1306...................................................passed
Quando Eu solicitar a listagem destas CFOP's................................passed
Então Eu devo ter como retorno a "Aquisição de serviço de comunicação por estabelecimento de produtor rural".passed
]]></system-out>
</testcase>
<testcase classname="Consulta de CFOP'S" name="Pesquisar uma CFOP pelo código 56" time="0.004">
<system-out><![CDATA[Dado que eu tenha um 1350...................................................passed
Quando Eu solicitar a listagem destas CFOP's................................passed
Então Eu devo ter como retorno a "AQUISIÇÕES DE SERVIÇOS DE TRANSPORTE".....passed
]]></system-out>
</testcase>
<testcase classname="Consulta de CFOP'S" name="Pesquisar uma CFOP pelo código 57" time="0.004">
<system-out><![CDATA[Dado que eu tenha um 1351...................................................passed
Quando Eu solicitar a listagem destas CFOP's................................passed
Então Eu devo ter como retorno a "Aquisição de serviço de transporte para execução de serviço da mesma natureza".passed
]]></system-out>
</testcase>
<testcase classname="Consulta de CFOP'S" name="Pesquisar uma CFOP pelo código 58" time="0.004">
<system-out><![CDATA[Dado que eu tenha um 1352...................................................passed
Quando Eu solicitar a listagem destas CFOP's................................passed
Então Eu devo ter como retorno a "Aquisição de serviço de transporte por estabelecimento industrial".passed
]]></system-out>
</testcase>
<testcase classname="Consulta de CFOP'S" name="Pesquisar uma CFOP pelo código 59" time="0.004">
<system-out><![CDATA[Dado que eu tenha um 1353...................................................passed
Quando Eu solicitar a listagem destas CFOP's................................passed
Então Eu devo ter como retorno a "Aquisição de serviço de transporte por estabelecimento comercial".passed
]]></system-out>
</testcase>
<testcase classname="Consulta de CFOP'S" name="Pesquisar uma CFOP pelo código 60" time="0.004">
<system-out><![CDATA[Dado que eu tenha um 1354...................................................passed
Quando Eu solicitar a listagem destas CFOP's................................passed
Então Eu devo ter como retorno a "Aquisição de serviço de transporte por estabelecimento de prestador de serviço de comunicação".passed
]]></system-out>
</testcase>
<testcase classname="Consulta de CFOP'S" name="Pesquisar uma CFOP pelo código 61" time="0.004">
<system-out><![CDATA[Dado que eu tenha um 1355...................................................passed
Quando Eu solicitar a listagem destas CFOP's................................passed
Então Eu devo ter como retorno a "Aquisição de serviço de transporte por estabelecimento de geradora ou de distribuidora de energia elétrica".passed
]]></system-out>
</testcase>
<testcase classname="Consulta de CFOP'S" name="Pesquisar uma CFOP pelo código 62" time="0.004">
<system-out><![CDATA[Dado que eu tenha um 1356...................................................passed
Quando Eu solicitar a listagem destas CFOP's................................passed
Então Eu devo ter como retorno a "Aquisição de serviço de transporte por estabelecimento de produtor rural".passed
]]></system-out>
</testcase>
<testcase classname="Consulta de CFOP'S" name="Pesquisar uma CFOP pelo código 63" time="0.005">
<system-out><![CDATA[Dado que eu tenha um 1360...................................................passed
Quando Eu solicitar a listagem destas CFOP's................................passed
Então Eu devo ter como retorno a "Aquisição de serviço de transporte por contribuinte substituto em relação ao serviço de transporte.".passed
]]></system-out>
</testcase>
<testcase classname="Consulta de CFOP'S" name="Pesquisar uma CFOP pelo código 64" time="0.004">
<system-out><![CDATA[Dado que eu tenha um 1400...................................................passed
Quando Eu solicitar a listagem destas CFOP's................................passed
Então Eu devo ter como retorno a "ENTRADAS DE MERCADORIAS SUJEITAS AO REGIME DE SUBSTITUIÇÃO TRIBUTÁRIA".passed
]]></system-out>
</testcase>
<testcase classname="Consulta de CFOP'S" name="Pesquisar uma CFOP pelo código 65" time="0.004">
<system-out><![CDATA[Dado que eu tenha um 1401...................................................passed
Quando Eu solicitar a listagem destas CFOP's................................passed
Então Eu devo ter como retorno a "Compra para industrialização em operação com mercadoria sujeita ao regime de substituição tributária".passed
]]></system-out>
</testcase>
<testcase classname="Consulta de CFOP'S" name="Pesquisar uma CFOP pelo código 66" time="0.004">
<system-out><![CDATA[Dado que eu tenha um 1403...................................................passed
Quando Eu solicitar a listagem destas CFOP's................................passed
Então Eu devo ter como retorno a "Compra para comercialização em operação com mercadoria sujeita ao regime de substituição tributária".passed
]]></system-out>
</testcase>
<testcase classname="Consulta de CFOP'S" name="Pesquisar uma CFOP pelo código 67" time="0.004">
<system-out><![CDATA[Dado que eu tenha um 1406...................................................passed
Quando Eu solicitar a listagem destas CFOP's................................passed
Então Eu devo ter como retorno a "Compra de bem para o ativo imobilizado cuja mercadoria está sujeita ao regime de substituição tributária".passed
]]></system-out>
</testcase>
<testcase classname="Consulta de CFOP'S" name="Pesquisar uma CFOP pelo código 68" time="0.004">
<system-out><![CDATA[Dado que eu tenha um 1407...................................................passed
Quando Eu solicitar a listagem destas CFOP's................................passed
Então Eu devo ter como retorno a "Compra de mercadoria para uso ou consumo cuja mercadoria está sujeita ao regime de substituição tributária".passed
]]></system-out>
</testcase>
<testcase classname="Consulta de CFOP'S" name="Pesquisar uma CFOP pelo código 69" time="0.004">
<system-out><![CDATA[Dado que eu tenha um 1408...................................................passed
Quando Eu solicitar a listagem destas CFOP's................................passed
Então Eu devo ter como retorno a "Transferência para industrialização em operação com mercadoria sujeita ao regime de substituição tributária".passed
]]></system-out>
</testcase>
<testcase classname="Consulta de CFOP'S" name="Pesquisar uma CFOP pelo código 70" time="0.004">
<system-out><![CDATA[Dado que eu tenha um 1409...................................................passed
Quando Eu solicitar a listagem destas CFOP's................................passed
Então Eu devo ter como retorno a "Transferência para comercialização em operação com mercadoria sujeita ao regime de substituição tributária".passed
]]></system-out>
</testcase>
<testcase classname="Consulta de CFOP'S" name="Pesquisar uma CFOP pelo código 71" time="0.004">
<system-out><![CDATA[Dado que eu tenha um 1410...................................................passed
Quando Eu solicitar a listagem destas CFOP's................................passed
Então Eu devo ter como retorno a "Devolução de venda de produção do estabelecimento em operação com produto sujeito ao regime de substituição tributária".passed
]]></system-out>
</testcase>
<testcase classname="Consulta de CFOP'S" name="Pesquisar uma CFOP pelo código 72" time="0.003">
<system-out><![CDATA[Dado que eu tenha um 1411...................................................passed
Quando Eu solicitar a listagem destas CFOP's................................passed
Então Eu devo ter como retorno a "Devolução de venda de mercadoria adquirida ou recebida de terceiros em operação com mercadoria sujeita ao regime de substituição tributária".passed
]]></system-out>
</testcase>
<testcase classname="Consulta de CFOP'S" name="Pesquisar uma CFOP pelo código 73" time="0.004">
<system-out><![CDATA[Dado que eu tenha um 1414...................................................passed
Quando Eu solicitar a listagem destas CFOP's................................passed
Então Eu devo ter como retorno a "Retorno de produção do estabelecimento, remetida para venda fora do estabelecimento em operação com produto sujeito ao regime de substituição tributária".passed
]]></system-out>
</testcase>
<testcase classname="Consulta de CFOP'S" name="Pesquisar uma CFOP pelo código 74" time="0.004">
<system-out><![CDATA[Dado que eu tenha um 1415...................................................passed
Quando Eu solicitar a listagem destas CFOP's................................passed
Então Eu devo ter como retorno a "Retorno de mercadoria adquirida ou recebida de terceiros, remetida para venda fora do estabelecimento em operação com mercadoria sujeita ao regime de substituição tributária".passed
]]></system-out>
</testcase>
<testcase classname="Consulta de CFOP'S" name="Pesquisar uma CFOP pelo código 75" time="0.004">
<system-out><![CDATA[Dado que eu tenha um 1450...................................................passed
Quando Eu solicitar a listagem destas CFOP's................................passed
Então Eu devo ter como retorno a "SISTEMAS DE INTEGRAÇÃO E PARCERIA RURAL"..passed
]]></system-out>
</testcase>
<testcase classname="Consulta de CFOP'S" name="Pesquisar uma CFOP pelo código 76" time="0.004">
<system-out><![CDATA[Dado que eu tenha um 1451...................................................passed
Quando Eu solicitar a listagem destas CFOP's................................passed
Então Eu devo ter como retorno a "Entrada de animal - Sistema de Integração e Parceria Rural".passed
]]></system-out>
</testcase>
<testcase classname="Consulta de CFOP'S" name="Pesquisar uma CFOP pelo código 77" time="0.004">
<system-out><![CDATA[Dado que eu tenha um 1452...................................................passed
Quando Eu solicitar a listagem destas CFOP's................................passed
Então Eu devo ter como retorno a "Entrada de insumo - Sistema de Integração e Parceria Rural".passed
]]></system-out>
</testcase>
<testcase classname="Consulta de CFOP'S" name="Pesquisar uma CFOP pelo código 78" time="0.004">
<system-out><![CDATA[Dado que eu tenha um 1453...................................................passed
Quando Eu solicitar a listagem destas CFOP's................................passed
Então Eu devo ter como retorno a "Retorno do animal ou da produção - Sistema de Integração e Parceria Rural".passed
]]></system-out>
</testcase>
<testcase classname="Consulta de CFOP'S" name="Pesquisar uma CFOP pelo código 79" time="0.003">
<system-out><![CDATA[Dado que eu tenha um 1454...................................................passed
Quando Eu solicitar a listagem destas CFOP's................................passed
Então Eu devo ter como retorno a "Retorno simbólico do animal ou da produção - Sistema de Integração e Parceria Rural".passed
]]></system-out>
</testcase>
<testcase classname="Consulta de CFOP'S" name="Pesquisar uma CFOP pelo código 80" time="0.004">
<system-out><![CDATA[Dado que eu tenha um 1455...................................................passed
Quando Eu solicitar a listagem destas CFOP's................................passed
Então Eu devo ter como retorno a "Retorno de insumo não utilizado na produção - Sistema de Integração e Parceria Rural".passed
]]></system-out>
</testcase>
<testcase classname="Consulta de CFOP'S" name="Pesquisar uma CFOP pelo código 81" time="0.004">
<system-out><![CDATA[Dado que eu tenha um 1456...................................................passed
Quando Eu solicitar a listagem destas CFOP's................................passed
Então Eu devo ter como retorno a "Entrada referente a remuneração do produtor no Sistema de Integração e Parceria Rural".passed
]]></system-out>
</testcase>
<testcase classname="Consulta de CFOP'S" name="Pesquisar uma CFOP pelo código 82" time="0.004">
<system-out><![CDATA[Dado que eu tenha um 1500...................................................passed
Quando Eu solicitar a listagem destas CFOP's................................passed
Então Eu devo ter como retorno a "ENTRADAS DE MERCADORIAS REMETIDAS PARA FORMAÇÃO DE LOTE OU COM FIM ESPECÍFICO DE EXPORTAÇÃO E EVENTUAIS DEVOLUÇÕES".passed
]]></system-out>
</testcase>
<testcase classname="Consulta de CFOP'S" name="Pesquisar uma CFOP pelo código 83" time="0.004">
<system-out><![CDATA[Dado que eu tenha um 1501...................................................passed
Quando Eu solicitar a listagem destas CFOP's................................passed
Então Eu devo ter como retorno a "Entrada de mercadoria recebida com fim específico de exportação".passed
]]></system-out>
</testcase>
<testcase classname="Consulta de CFOP'S" name="Pesquisar uma CFOP pelo código 84" time="0.004">
<system-out><![CDATA[Dado que eu tenha um 1503...................................................passed
Quando Eu solicitar a listagem destas CFOP's................................passed
Então Eu devo ter como retorno a "Entrada decorrente de devolução de produto remetido com fim específico de exportação, de produção do estabelecimento".passed
]]></system-out>
</testcase>
<testcase classname="Consulta de CFOP'S" name="Pesquisar uma CFOP pelo código 85" time="0.004">
<system-out><![CDATA[Dado que eu tenha um 1504...................................................passed
Quando Eu solicitar a listagem destas CFOP's................................passed
Então Eu devo ter como retorno a "Entrada decorrente de devolução de mercadoria remetida com fim específico de exportação, adquirida ou recebida de terceiros".passed
]]></system-out>
</testcase>
<testcase classname="Consulta de CFOP'S" name="Pesquisar uma CFOP pelo código 86" time="0.004">
<system-out><![CDATA[Dado que eu tenha um 1505...................................................passed
Quando Eu solicitar a listagem destas CFOP's................................passed
Então Eu devo ter como retorno a "Entrada decorrente de devolução de mercadorias remetidas para formação de lote de exportação, de produtos industrializados ou produzidos pelo próprio estabelecimento.".passed
]]></system-out>
</testcase>
<testcase classname="Consulta de CFOP'S" name="Pesquisar uma CFOP pelo código 87" time="0.003">
<system-out><![CDATA[Dado que eu tenha um 1506...................................................passed
Quando Eu solicitar a listagem destas CFOP's................................passed
Então Eu devo ter como retorno a "Entrada decorrente de devolução de mercadorias, adquiridas ou recebidas de terceiros, remetidas para formação de lote de exportação".passed
]]></system-out>
</testcase>
<testcase classname="Consulta de CFOP'S" name="Pesquisar uma CFOP pelo código 88" time="0.004">
<system-out><![CDATA[Dado que eu tenha um 1550...................................................passed
Quando Eu solicitar a listagem destas CFOP's................................passed
Então Eu devo ter como retorno a "OPERAÇÕES COM BENS DE ATIVO IMOBILIZADO E MATERIAIS PARA USO OU CONSUMO".passed
]]></system-out>
</testcase>
<testcase classname="Consulta de CFOP'S" name="Pesquisar uma CFOP pelo código 89" time="0.004">
<system-out><![CDATA[Dado que eu tenha um 1551...................................................passed
Quando Eu solicitar a listagem destas CFOP's................................passed
Então Eu devo ter como retorno a "Compra de bem para o ativo imobilizado"...passed
]]></system-out>
</testcase>
<testcase classname="Consulta de CFOP'S" name="Pesquisar uma CFOP pelo código 90" time="0.004">
<system-out><![CDATA[Dado que eu tenha um 1552...................................................passed
Quando Eu solicitar a listagem destas CFOP's................................passed
Então Eu devo ter como retorno a "Transferência de bem do ativo imobilizado".passed
]]></system-out>
</testcase>
<testcase classname="Consulta de CFOP'S" name="Pesquisar uma CFOP pelo código 91" time="0.004">
<system-out><![CDATA[Dado que eu tenha um 1553...................................................passed
Quando Eu solicitar a listagem destas CFOP's................................passed
Então Eu devo ter como retorno a "Devolução de venda de bem do ativo imobilizado".passed
]]></system-out>
</testcase>
<testcase classname="Consulta de CFOP'S" name="Pesquisar uma CFOP pelo código 92" time="0.004">
<system-out><![CDATA[Dado que eu tenha um 1554...................................................passed
Quando Eu solicitar a listagem destas CFOP's................................passed
Então Eu devo ter como retorno a "Retorno de bem do ativo imobilizado remetido para uso fora do estabelecimento".passed
]]></system-out>
</testcase>
<testcase classname="Consulta de CFOP'S" name="Pesquisar uma CFOP pelo código 93" time="0.004">
<system-out><![CDATA[Dado que eu tenha um 1555...................................................passed
Quando Eu solicitar a listagem destas CFOP's................................passed
Então Eu devo ter como retorno a "Entrada de bem do ativo imobilizado de terceiro, remetido para uso no estabelecimento".passed
]]></system-out>
</testcase>
<testcase classname="Consulta de CFOP'S" name="Pesquisar uma CFOP pelo código 94" time="0.004">
<system-out><![CDATA[Dado que eu tenha um 1556...................................................passed
Quando Eu solicitar a listagem destas CFOP's................................passed
Então Eu devo ter como retorno a "Compra de material para uso ou consumo"...passed
]]></system-out>
</testcase>
<testcase classname="Consulta de CFOP'S" name="Pesquisar uma CFOP pelo código 95" time="0.005">
<system-out><![CDATA[Dado que eu tenha um 1557...................................................passed
Quando Eu solicitar a listagem destas CFOP's................................passed
Então Eu devo ter como retorno a "Transferência de material para uso ou consumo".passed
]]></system-out>
</testcase>
<testcase classname="Consulta de CFOP'S" name="Pesquisar uma CFOP pelo código 96" time="0.004">
<system-out><![CDATA[Dado que eu tenha um 1600...................................................passed
Quando Eu solicitar a listagem destas CFOP's................................passed
Então Eu devo ter como retorno a "CRÉDITOS E RESSARCIMENTOS DE ICMS"........passed
]]></system-out>
</testcase>
<testcase classname="Consulta de CFOP'S" name="Pesquisar uma CFOP pelo código 97" time="0.004">
<system-out><![CDATA[Dado que eu tenha um 1601...................................................passed
Quando Eu solicitar a listagem destas CFOP's................................passed
Então Eu devo ter como retorno a "Recebimento, por transferência, de crédito de ICMS".passed
]]></system-out>
</testcase>
<testcase classname="Consulta de CFOP'S" name="Pesquisar uma CFOP pelo código 98" time="0.004">
<system-out><![CDATA[Dado que eu tenha um 1602...................................................passed
Quando Eu solicitar a listagem destas CFOP's................................passed
Então Eu devo ter como retorno a "Recebimento, por transferência, de saldo credor de ICMS de outro estabelecimento da mesma empresa, para compensação de saldo devedor de ICMS".passed
]]></system-out>
</testcase>
<testcase classname="Consulta de CFOP'S" name="Pesquisar uma CFOP pelo código 99" time="0.004">
<system-out><![CDATA[Dado que eu tenha um 1603...................................................passed
Quando Eu solicitar a listagem destas CFOP's................................passed
Então Eu devo ter como retorno a "Ressarcimento de ICMS retido por substituição tributária".passed
]]></system-out>
</testcase>
<testcase classname="Consulta de CFOP'S" name="Pesquisar uma CFOP pelo código 100" time="0.004">
<system-out><![CDATA[Dado que eu tenha um 1604...................................................passed
Quando Eu solicitar a listagem destas CFOP's................................passed
Então Eu devo ter como retorno a "Lançamento do crédito relativo à compra de bem para o ativo imobilizado".passed
]]></system-out>
</testcase>
<testcase classname="Consulta de CFOP'S" name="Pesquisar uma CFOP pelo código 101" time="0.004">
<system-out><![CDATA[Dado que eu tenha um 1605...................................................passed
Quando Eu solicitar a listagem destas CFOP's................................passed
Então Eu devo ter como retorno a "Recebimento, por transferência, de saldo devedor de ICMS de outro estabelecimento da mesma empresa.".passed
]]></system-out>
</testcase>
<testcase classname="Consulta de CFOP'S" name="Pesquisar uma CFOP pelo código 102" time="0.004">
<system-out><![CDATA[Dado que eu tenha um 1650...................................................passed
Quando Eu solicitar a listagem destas CFOP's................................passed
Então Eu devo ter como retorno a "ENTRADAS DE COMBUSTÍVEIS, DERIVADOS OU NÃO DE PETRÓLEO E LUBRIFICANTES".passed
]]></system-out>
</testcase>
<testcase classname="Consulta de CFOP'S" name="Pesquisar uma CFOP pelo código 103" time="0.004">
<system-out><![CDATA[Dado que eu tenha um 1651...................................................passed
Quando Eu solicitar a listagem destas CFOP's................................passed
Então Eu devo ter como retorno a "Compra de combustível ou lubrificante para industrialização subseqüente".passed
]]></system-out>
</testcase>
<testcase classname="Consulta de CFOP'S" name="Pesquisar uma CFOP pelo código 104" time="0.004">
<system-out><![CDATA[Dado que eu tenha um 1652...................................................passed
Quando Eu solicitar a listagem destas CFOP's................................passed
Então Eu devo ter como retorno a "Compra de combustível ou lubrificante para comercialização".passed
]]></system-out>
</testcase>
<testcase classname="Consulta de CFOP'S" name="Pesquisar uma CFOP pelo código 105" time="0.004">
<system-out><![CDATA[Dado que eu tenha um 1653...................................................passed
Quando Eu solicitar a listagem destas CFOP's................................passed
Então Eu devo ter como retorno a "Compra de combustível ou lubrificante por consumidor ou usuário final".passed
]]></system-out>
</testcase>
<testcase classname="Consulta de CFOP'S" name="Pesquisar uma CFOP pelo código 106" time="0.004">
<system-out><![CDATA[Dado que eu tenha um 1657...................................................passed
Quando Eu solicitar a listagem destas CFOP's................................passed
Então Eu devo ter como retorno a "Retorno de remessa de combustível ou lubrificante para venda fora do estabelecimento".passed
]]></system-out>
</testcase>
<testcase classname="Consulta de CFOP'S" name="Pesquisar uma CFOP pelo código 107" time="0.004">
<system-out><![CDATA[Dado que eu tenha um 1658...................................................passed
Quando Eu solicitar a listagem destas CFOP's................................passed
Então Eu devo ter como retorno a "Transferência de combustível e lubrificante para industrialização".passed
]]></system-out>
</testcase>
<testcase classname="Consulta de CFOP'S" name="Pesquisar uma CFOP pelo código 108" time="0.003">
<system-out><![CDATA[Dado que eu tenha um 1659...................................................passed
Quando Eu solicitar a listagem destas CFOP's................................passed
Então Eu devo ter como retorno a "Transferência de combustível e lubrificante para comercialização".passed
]]></system-out>
</testcase>
<testcase classname="Consulta de CFOP'S" name="Pesquisar uma CFOP pelo código 109" time="0.004">
<system-out><![CDATA[Dado que eu tenha um 1660...................................................passed
Quando Eu solicitar a listagem destas CFOP's................................passed
Então Eu devo ter como retorno a "Devolução de venda de combustível ou lubrificante destinado à industrialização subseqüente".passed
]]></system-out>
</testcase>
<testcase classname="Consulta de CFOP'S" name="Pesquisar uma CFOP pelo código 110" time="0.004">
<system-out><![CDATA[Dado que eu tenha um 1661...................................................passed
Quando Eu solicitar a listagem destas CFOP's................................passed
Então Eu devo ter como retorno a "Devolução de venda de combustível ou lubrificante destinado à comercialização".passed
]]></system-out>
</testcase>
<testcase classname="Consulta de CFOP'S" name="Pesquisar uma CFOP pelo código 111" time="0.004">
<system-out><![CDATA[Dado que eu tenha um 1662...................................................passed
Quando Eu solicitar a listagem destas CFOP's................................passed
Então Eu devo ter como retorno a "Devolução de venda de combustível ou lubrificante destinado a consumidor ou usuário final".passed
]]></system-out>
</testcase>
<testcase classname="Consulta de CFOP'S" name="Pesquisar uma CFOP pelo código 112" time="0.004">
<system-out><![CDATA[Dado que eu tenha um 1663...................................................passed
Quando Eu solicitar a listagem destas CFOP's................................passed
Então Eu devo ter como retorno a "Entrada de combustível ou lubrificante para armazenagem".passed
]]></system-out>
</testcase>
<testcase classname="Consulta de CFOP'S" name="Pesquisar uma CFOP pelo código 113" time="0.005">
<system-out><![CDATA[Dado que eu tenha um 1664...................................................passed
Quando Eu solicitar a listagem destas CFOP's................................passed
Então Eu devo ter como retorno a "Retorno de combustível ou lubrificante remetido para armazenagem".passed
]]></system-out>
</testcase>
<testcase classname="Consulta de CFOP'S" name="Pesquisar uma CFOP pelo código 114" time="0.004">
<system-out><![CDATA[Dado que eu tenha um 1900...................................................passed
Quando Eu solicitar a listagem destas CFOP's................................passed
Então Eu devo ter como retorno a "OUTRAS ENTRADAS DE MERCADORIAS OU AQUISIÇÕES E SERVIÇOS".passed
]]></system-out>
</testcase>
<testcase classname="Consulta de CFOP'S" name="Pesquisar uma CFOP pelo código 115" time="0.004">
<system-out><![CDATA[Dado que eu tenha um 1901...................................................passed
Quando Eu solicitar a listagem destas CFOP's................................passed
Então Eu devo ter como retorno a "Entrada para industrialização por encomenda".passed
]]></system-out>
</testcase>
<testcase classname="Consulta de CFOP'S" name="Pesquisar uma CFOP pelo código 116" time="0.005">
<system-out><![CDATA[Dado que eu tenha um 1902...................................................passed
Quando Eu solicitar a listagem destas CFOP's................................passed
Então Eu devo ter como retorno a "Retorno de mercadoria remetida para industrialização por encomenda".passed
]]></system-out>
</testcase>
<testcase classname="Consulta de CFOP'S" name="Pesquisar uma CFOP pelo código 117" time="0.004">
<system-out><![CDATA[Dado que eu tenha um 1903...................................................passed
Quando Eu solicitar a listagem destas CFOP's................................passed
Então Eu devo ter como retorno a "Entrada de mercadoria remetida para industrialização e não aplicada no referido processo".passed
]]></system-out>
</testcase>
<testcase classname="Consulta de CFOP'S" name="Pesquisar uma CFOP pelo código 118" time="0.008">
<system-out><![CDATA[Dado que eu tenha um 1904...................................................passed
Quando Eu solicitar a listagem destas CFOP's................................passed
Então Eu devo ter como retorno a "Retorno de remessa para venda fora do estabelecimento".passed
]]></system-out>
</testcase>
<testcase classname="Consulta de CFOP'S" name="Pesquisar uma CFOP pelo código 119" time="0.005">
<system-out><![CDATA[Dado que eu tenha um 1905...................................................passed
Quando Eu solicitar a listagem destas CFOP's................................passed
Então Eu devo ter como retorno a "Entrada de mercadoria recebida para depósito em depósito fechado ou armazém geral".passed
]]></system-out>
</testcase>
<testcase classname="Consulta de CFOP'S" name="Pesquisar uma CFOP pelo código 120" time="0.004">
<system-out><![CDATA[Dado que eu tenha um 1906...................................................passed
Quando Eu solicitar a listagem destas CFOP's................................passed
Então Eu devo ter como retorno a "Retorno de mercadoria remetida para depósito fechado ou armazém geral".passed
]]></system-out>
</testcase>
<testcase classname="Consulta de CFOP'S" name="Pesquisar uma CFOP pelo código 121" time="0.003">
<system-out><![CDATA[Dado que eu tenha um 1907...................................................passed
Quando Eu solicitar a listagem destas CFOP's................................passed
Então Eu devo ter como retorno a "Retorno simbólico de mercadoria remetida para depósito fechado ou armazém geral".passed
]]></system-out>
</testcase>
<testcase classname="Consulta de CFOP'S" name="Pesquisar uma CFOP pelo código 122" time="0.005">
<system-out><![CDATA[Dado que eu tenha um 1908...................................................passed
Quando Eu solicitar a listagem destas CFOP's................................passed
Então Eu devo ter como retorno a "Entrada de bem por conta de contrato de comodato ou locação".passed
]]></system-out>
</testcase>
<testcase classname="Consulta de CFOP'S" name="Pesquisar uma CFOP pelo código 123" time="0.004">
<system-out><![CDATA[Dado que eu tenha um 1909...................................................passed
Quando Eu solicitar a listagem destas CFOP's................................passed
Então Eu devo ter como retorno a "Retorno de bem remetido por conta de contrato de comodato ou locação".passed
]]></system-out>
</testcase>
<testcase classname="Consulta de CFOP'S" name="Pesquisar uma CFOP pelo código 124" time="0.004">
<system-out><![CDATA[Dado que eu tenha um 1910...................................................passed
Quando Eu solicitar a listagem destas CFOP's................................passed
Então Eu devo ter como retorno a "Entrada de bonificação, doação ou brinde".passed
]]></system-out>
</testcase>
<testcase classname="Consulta de CFOP'S" name="Pesquisar uma CFOP pelo código 125" time="0.004">
<system-out><![CDATA[Dado que eu tenha um 1911...................................................passed
Quando Eu solicitar a listagem destas CFOP's................................passed
Então Eu devo ter como retorno a "Entrada de amostra grátis"................passed
]]></system-out>
</testcase>
<testcase classname="Consulta de CFOP'S" name="Pesquisar uma CFOP pelo código 126" time="0.003">
<system-out><![CDATA[Dado que eu tenha um 1912...................................................passed
Quando Eu solicitar a listagem destas CFOP's................................passed
Então Eu devo ter como retorno a "Entrada de mercadoria ou bem recebido para demonstração".passed
]]></system-out>
</testcase>
<testcase classname="Consulta de CFOP'S" name="Pesquisar uma CFOP pelo código 127" time="0.004">
<system-out><![CDATA[Dado que eu tenha um 1913...................................................passed
Quando Eu solicitar a listagem destas CFOP's................................passed
Então Eu devo ter como retorno a "Retorno de mercadoria ou bem remetido para demonstração".passed
]]></system-out>
</testcase>
<testcase classname="Consulta de CFOP'S" name="Pesquisar uma CFOP pelo código 128" time="0.004">
<system-out><![CDATA[Dado que eu tenha um 1914...................................................passed
Quando Eu solicitar a listagem destas CFOP's................................passed
Então Eu devo ter como retorno a "Retorno de mercadoria ou bem remetido para exposição ou feira".passed
]]></system-out>
</testcase>
<testcase classname="Consulta de CFOP'S" name="Pesquisar uma CFOP pelo código 129" time="0.004">
<system-out><![CDATA[Dado que eu tenha um 1915...................................................passed
Quando Eu solicitar a listagem destas CFOP's................................passed
Então Eu devo ter como retorno a "Entrada de mercadoria ou bem recebido para conserto ou reparo".passed
]]></system-out>
</testcase>
<testcase classname="Consulta de CFOP'S" name="Pesquisar uma CFOP pelo código 130" time="0.004">
<system-out><![CDATA[Dado que eu tenha um 1916...................................................passed
Quando Eu solicitar a listagem destas CFOP's................................passed
Então Eu devo ter como retorno a "Retorno de mercadoria ou bem remetido para conserto ou reparo".passed
]]></system-out>
</testcase>
<testcase classname="Consulta de CFOP'S" name="Pesquisar uma CFOP pelo código 131" time="0.004">
<system-out><![CDATA[Dado que eu tenha um 1917...................................................passed
Quando Eu solicitar a listagem destas CFOP's................................passed
Então Eu devo ter como retorno a "Entrada de mercadoria recebida em consignação mercantil ou industrial".passed
]]></system-out>
</testcase>
<testcase classname="Consulta de CFOP'S" name="Pesquisar uma CFOP pelo código 132" time="0.004">
<system-out><![CDATA[Dado que eu tenha um 1918...................................................passed
Quando Eu solicitar a listagem destas CFOP's................................passed
Então Eu devo ter como retorno a "Devolução de mercadoria remetida em consignação mercantil ou industrial".passed
]]></system-out>
</testcase>
<testcase classname="Consulta de CFOP'S" name="Pesquisar uma CFOP pelo código 133" time="0.004">
<system-out><![CDATA[Dado que eu tenha um 1919...................................................passed
Quando Eu solicitar a listagem destas CFOP's................................passed
Então Eu devo ter como retorno a "Devolução simbólica de mercadoria vendida ou utilizada em processo industrial, remetida anteriormente em consignação mercantil ou industrial".passed
]]></system-out>
</testcase>
<testcase classname="Consulta de CFOP'S" name="Pesquisar uma CFOP pelo código 134" time="0.003">
<system-out><![CDATA[Dado que eu tenha um 1920...................................................passed
Quando Eu solicitar a listagem destas CFOP's................................passed
Então Eu devo ter como retorno a "Entrada de vasilhame ou sacaria"..........passed
]]></system-out>
</testcase>
<testcase classname="Consulta de CFOP'S" name="Pesquisar uma CFOP pelo código 135" time="0.004">
<system-out><![CDATA[Dado que eu tenha um 1921...................................................passed
Quando Eu solicitar a listagem destas CFOP's................................passed
Então Eu devo ter como retorno a "Retorno de vasilhame ou sacaria"..........passed
]]></system-out>
</testcase>
<testcase classname="Consulta de CFOP'S" name="Pesquisar uma CFOP pelo código 136" time="0.004">
<system-out><![CDATA[Dado que eu tenha um 1922...................................................passed
Quando Eu solicitar a listagem destas CFOP's................................passed
Então Eu devo ter como retorno a "Lançamento efetuado a título de simples faturamento decorrente de compra para recebimento futuro".passed
]]></system-out>
</testcase>
<testcase classname="Consulta de CFOP'S" name="Pesquisar uma CFOP pelo código 137" time="0.003">
<system-out><![CDATA[Dado que eu tenha um 1923...................................................passed
Quando Eu solicitar a listagem destas CFOP's................................passed
Então Eu devo ter como retorno a "Entrada de mercadoria recebida do vendedor remetente, em venda à ordem".passed
]]></system-out>
</testcase>
<testcase classname="Consulta de CFOP'S" name="Pesquisar uma CFOP pelo código 138" time="0.003">
<system-out><![CDATA[Dado que eu tenha um 1924...................................................passed
Quando Eu solicitar a listagem destas CFOP's................................passed
Então Eu devo ter como retorno a "Entrada para industrialização por conta e ordem do adquirente da mercadoria, quando esta não transitar pelo estabelecimento do adquirente".passed
]]></system-out>
</testcase>
<testcase classname="Consulta de CFOP'S" name="Pesquisar uma CFOP pelo código 139" time="0.003">
<system-out><![CDATA[Dado que eu tenha um 1925...................................................passed
Quando Eu solicitar a listagem destas CFOP's................................passed
Então Eu devo ter como retorno a "Retorno de mercadoria remetida para industrialização por conta e ordem do adquirente da mercadoria, quando esta não transitar pelo estabelecimento do adquirente".passed
]]></system-out>
</testcase>
<testcase classname="Consulta de CFOP'S" name="Pesquisar uma CFOP pelo código 140" time="0.003">
<system-out><![CDATA[Dado que eu tenha um 1926...................................................passed
Quando Eu solicitar a listagem destas CFOP's................................passed
Então Eu devo ter como retorno a "Lançamento efetuado a título de reclassificação de mercadoria decorrente de formação de kit ou de sua desagregação".passed
]]></system-out>
</testcase>
<testcase classname="Consulta de CFOP'S" name="Pesquisar uma CFOP pelo código 141" time="0.004">
<system-out><![CDATA[Dado que eu tenha um 1931...................................................passed
Quando Eu solicitar a listagem destas CFOP's................................passed
Então Eu devo ter como retorno a "Lançamento efetuado pelo tomador do serviço de transporte quando a responsabilidade de retenção do imposto for atribuída ao remetente ou alienante da mercadoria, pelo serviço de transporte realizado por transportador autônomo ou por transportador não inscrito na unidade da Federação onde iniciado o serviço. (Ajuste SINIEF 03/04)".passed
]]></system-out>
</testcase>
<testcase classname="Consulta de CFOP'S" name="Pesquisar uma CFOP pelo código 142" time="0.004">
<system-out><![CDATA[Dado que eu tenha um 1932...................................................passed
Quando Eu solicitar a listagem destas CFOP's................................passed
Então Eu devo ter como retorno a "Aquisição de serviço de transporte iniciado em unidade da Federação diversa daquela onde inscrito o prestador. (ajuste sinief 03/04)".passed
]]></system-out>
</testcase>
<testcase classname="Consulta de CFOP'S" name="Pesquisar uma CFOP pelo código 143" time="0.004">
<system-out><![CDATA[Dado que eu tenha um 1933...................................................passed
Quando Eu solicitar a listagem destas CFOP's................................passed
Então Eu devo ter como retorno a "Aquisição de serviço tributado pelo ISSQN.(ajuste sinief 03/04)".passed
]]></system-out>
</testcase>
<testcase classname="Consulta de CFOP'S" name="Pesquisar uma CFOP pelo código 144" time="0.004">
<system-out><![CDATA[Dado que eu tenha um 1934...................................................passed
Quando Eu solicitar a listagem destas CFOP's................................passed
Então Eu devo ter como retorno a "Entrada simbólica de mercadoria recebida para depósito fechado ou armazém geral".passed
]]></system-out>
</testcase>
<testcase classname="Consulta de CFOP'S" name="Pesquisar uma CFOP pelo código 145" time="0.004">
<system-out><![CDATA[Dado que eu tenha um 1949...................................................passed
Quando Eu solicitar a listagem destas CFOP's................................passed
Então Eu devo ter como retorno a "Outra entrada de mercadoria ou prestação de serviço não especificada".passed
]]></system-out>
</testcase>
<testcase classname="Consulta de CFOP'S" name="Pesquisar uma CFOP pelo código 146" time="0.004">
<system-out><![CDATA[Dado que eu tenha um 2000...................................................passed
Quando Eu solicitar a listagem destas CFOP's................................passed
Então Eu devo ter como retorno a "ENTRADAS OU AQUISIÇÕES DE SERVIÇOS DE OUTROS ESTADOS".passed
]]></system-out>
</testcase>
<testcase classname="Consulta de CFOP'S" name="Pesquisar uma CFOP pelo código 147" time="0.004">
<system-out><![CDATA[Dado que eu tenha um 2100...................................................passed
Quando Eu solicitar a listagem destas CFOP's................................passed
Então Eu devo ter como retorno a "COMPRAS PARA INDUSTRIALIZAÇÃO, PRODUÇÃO RURAL, COMERCIALIZAÇÃO OU PRESTAÇÃO DE SERVIÇOS".passed
]]></system-out>
</testcase>
<testcase classname="Consulta de CFOP'S" name="Pesquisar uma CFOP pelo código 148" time="0.004">
<system-out><![CDATA[Dado que eu tenha um 2101...................................................passed
Quando Eu solicitar a listagem destas CFOP's................................passed
Então Eu devo ter como retorno a "Compra para industrialização".............passed
]]></system-out>
</testcase>
<testcase classname="Consulta de CFOP'S" name="Pesquisar uma CFOP pelo código 149" time="0.003">
<system-out><![CDATA[Dado que eu tenha um 2102...................................................passed
Quando Eu solicitar a listagem destas CFOP's................................passed
Então Eu devo ter como retorno a "Compra para comercialização"..............passed
]]></system-out>
</testcase>
<testcase classname="Consulta de CFOP'S" name="Pesquisar uma CFOP pelo código 150" time="0.003">
<system-out><![CDATA[Dado que eu tenha um 2111...................................................passed
Quando Eu solicitar a listagem destas CFOP's................................passed
Então Eu devo ter como retorno a "Compra para industrialização de mercadoria recebida anteriormente em consignação industrial".passed
]]></system-out>
</testcase>
<testcase classname="Consulta de CFOP'S" name="Pesquisar uma CFOP pelo código 151" time="0.004">
<system-out><![CDATA[Dado que eu tenha um 2113...................................................passed
Quando Eu solicitar a listagem destas CFOP's................................passed
Então Eu devo ter como retorno a "Compra para comercialização, de mercadoria recebida anteriormente em consignação mercantil".passed
]]></system-out>
</testcase>
<testcase classname="Consulta de CFOP'S" name="Pesquisar uma CFOP pelo código 152" time="0.004">
<system-out><![CDATA[Dado que eu tenha um 2116...................................................passed
Quando Eu solicitar a listagem destas CFOP's................................passed
Então Eu devo ter como retorno a "Compra para industrialização originada de encomenda para recebimento futuro".passed
]]></system-out>
</testcase>
<testcase classname="Consulta de CFOP'S" name="Pesquisar uma CFOP pelo código 153" time="0.003">
<system-out><![CDATA[Dado que eu tenha um 2117...................................................passed
Quando Eu solicitar a listagem destas CFOP's................................passed
Então Eu devo ter como retorno a "Compra para comercialização originada de encomenda para recebimento futuro".passed
]]></system-out>
</testcase>
<testcase classname="Consulta de CFOP'S" name="Pesquisar uma CFOP pelo código 154" time="0.003">
<system-out><![CDATA[Dado que eu tenha um 2118...................................................passed
Quando Eu solicitar a listagem destas CFOP's................................passed
Então Eu devo ter como retorno a "Compra de mercadoria para comercialização pelo adquirente originário, entregue pelo vendedor remetente ao destinatário, em venda à ordem".passed
]]></system-out>
</testcase>
<testcase classname="Consulta de CFOP'S" name="Pesquisar uma CFOP pelo código 155" time="0.004">
<system-out><![CDATA[Dado que eu tenha um 2120...................................................passed
Quando Eu solicitar a listagem destas CFOP's................................passed
Então Eu devo ter como retorno a "Compra para industrialização, em venda à ordem, já recebida do vendedor remetente".passed
]]></system-out>
</testcase>
<testcase classname="Consulta de CFOP'S" name="Pesquisar uma CFOP pelo código 156" time="0.003">
<system-out><![CDATA[Dado que eu tenha um 2121...................................................passed
Quando Eu solicitar a listagem destas CFOP's................................passed
Então Eu devo ter como retorno a "Compra para comercialização, em venda à ordem, já recebida do vendedor remetente".passed
]]></system-out>
</testcase>
<testcase classname="Consulta de CFOP'S" name="Pesquisar uma CFOP pelo código 157" time="0.003">
<system-out><![CDATA[Dado que eu tenha um 2122...................................................passed
Quando Eu solicitar a listagem destas CFOP's................................passed
Então Eu devo ter como retorno a "Compra para industrialização em que a mercadoria foi remetida pelo fornecedor ao industrializador sem transitar pelo estabelecimento adquirente".passed
]]></system-out>
</testcase>
<testcase classname="Consulta de CFOP'S" name="Pesquisar uma CFOP pelo código 158" time="0.003">
<system-out><![CDATA[Dado que eu tenha um 2124...................................................passed
Quando Eu solicitar a listagem destas CFOP's................................passed
Então Eu devo ter como retorno a "Industrialização efetuada por outra empresa".passed
]]></system-out>
</testcase>
<testcase classname="Consulta de CFOP'S" name="Pesquisar uma CFOP pelo código 159" time="0.004">
<system-out><![CDATA[Dado que eu tenha um 2125...................................................passed
Quando Eu solicitar a listagem destas CFOP's................................passed
Então Eu devo ter como retorno a "Industrialização efetuada por outra empresa quando a mercadoria remetida para utilização no processo de industrialização não transitou pelo estabelecimento adquirente da mercadoria".passed
]]></system-out>
</testcase>
<testcase classname="Consulta de CFOP'S" name="Pesquisar uma CFOP pelo código 160" time="0.003">
<system-out><![CDATA[Dado que eu tenha um 2126...................................................passed
Quando Eu solicitar a listagem destas CFOP's................................passed
Então Eu devo ter como retorno a "Compra para utilização na prestação de serviço".passed
]]></system-out>
</testcase>
<testcase classname="Consulta de CFOP'S" name="Pesquisar uma CFOP pelo código 161" time="0.003">
<system-out><![CDATA[Dado que eu tenha um 2128...................................................passed
Quando Eu solicitar a listagem destas CFOP's................................passed
Então Eu devo ter como retorno a "Compra para utilização na prestação de serviço sujeita ao ISSQN".passed
]]></system-out>
</testcase>
<testcase classname="Consulta de CFOP'S" name="Pesquisar uma CFOP pelo código 162" time="0.003">
<system-out><![CDATA[Dado que eu tenha um 2131...................................................passed
Quando Eu solicitar a listagem destas CFOP's................................passed
Então Eu devo ter como retorno a "Entrada de mercadoria com previsão de posterior ajuste ou fixação de preço, decorrente de operação de ato cooperativo.".passed
]]></system-out>
</testcase>
<testcase classname="Consulta de CFOP'S" name="Pesquisar uma CFOP pelo código 163" time="0.003">
<system-out><![CDATA[Dado que eu tenha um 2132...................................................passed
Quando Eu solicitar a listagem destas CFOP's................................passed
Então Eu devo ter como retorno a "Fixação de preço de produção do estabelecimento produtor, inclusive quando remetidas anteriormente com previsão de posterior ajuste ou fixação de preço, em ato cooperativo, para comercialização.".passed
]]></system-out>
</testcase>
<testcase classname="Consulta de CFOP'S" name="Pesquisar uma CFOP pelo código 164" time="0.004">
<system-out><![CDATA[Dado que eu tenha um 2135...................................................passed
Quando Eu solicitar a listagem destas CFOP's................................passed
Então Eu devo ter como retorno a "Fixação de preço de produção do estabelecimento produtor, inclusive quando remetidas anteriormente com previsão de posterior ajuste ou fixação de preço, em ato cooperativo, para industrialização.".passed
]]></system-out>
</testcase>
<testcase classname="Consulta de CFOP'S" name="Pesquisar uma CFOP pelo código 165" time="0.005">
<system-out><![CDATA[Dado que eu tenha um 2150...................................................passed
Quando Eu solicitar a listagem destas CFOP's................................passed
Então Eu devo ter como retorno a "TRANSFERÊNCIAS PARA INDUSTRIALIZAÇÃO, PRODUÇÃO RURAL, COMERCIALIZAÇÃO OU PRESTAÇÃO DE SERVIÇOS".passed
]]></system-out>
</testcase>
<testcase classname="Consulta de CFOP'S" name="Pesquisar uma CFOP pelo código 166" time="0.005">
<system-out><![CDATA[Dado que eu tenha um 2151...................................................passed
Quando Eu solicitar a listagem destas CFOP's................................passed
Então Eu devo ter como retorno a "Transferência para industrialização"......passed
]]></system-out>
</testcase>
<testcase classname="Consulta de CFOP'S" name="Pesquisar uma CFOP pelo código 167" time="0.004">
<system-out><![CDATA[Dado que eu tenha um 2152...................................................passed
Quando Eu solicitar a listagem destas CFOP's................................passed
Então Eu devo ter como retorno a "Transferência para comercialização".......passed
]]></system-out>
</testcase>
<testcase classname="Consulta de CFOP'S" name="Pesquisar uma CFOP pelo código 168" time="0.004">
<system-out><![CDATA[Dado que eu tenha um 2153...................................................passed
Quando Eu solicitar a listagem destas CFOP's................................passed
Então Eu devo ter como retorno a "Transferência de energia elétrica para distribuição".passed
]]></system-out>
</testcase>
<testcase classname="Consulta de CFOP'S" name="Pesquisar uma CFOP pelo código 169" time="0.004">
<system-out><![CDATA[Dado que eu tenha um 2154...................................................passed
Quando Eu solicitar a listagem destas CFOP's................................passed
Então Eu devo ter como retorno a "Transferência para utilização na prestação de serviço".passed
]]></system-out>
</testcase>
<testcase classname="Consulta de CFOP'S" name="Pesquisar uma CFOP pelo código 170" time="0.005">
<system-out><![CDATA[Dado que eu tenha um 2159...................................................passed
Quando Eu solicitar a listagem destas CFOP's................................passed
Então Eu devo ter como retorno a "Entrada decorrente do fornecimento de produto ou mercadoria de ato cooperativo".passed
]]></system-out>
</testcase>
<testcase classname="Consulta de CFOP'S" name="Pesquisar uma CFOP pelo código 171" time="0.004">
<system-out><![CDATA[Dado que eu tenha um 2200...................................................passed
Quando Eu solicitar a listagem destas CFOP's................................passed
Então Eu devo ter como retorno a "DEVOLUÇÕES DE VENDAS DE PRODUÇÃO PRÓPRIA, DE TERCEIROS OU ANULAÇÕES DE VALORES".passed
]]></system-out>
</testcase>
<testcase classname="Consulta de CFOP'S" name="Pesquisar uma CFOP pelo código 172" time="0.004">
<system-out><![CDATA[Dado que eu tenha um 2201...................................................passed
Quando Eu solicitar a listagem destas CFOP's................................passed
Então Eu devo ter como retorno a "Devolução de venda de produção do estabelecimento".passed
]]></system-out>
</testcase>
<testcase classname="Consulta de CFOP'S" name="Pesquisar uma CFOP pelo código 173" time="0.003">
<system-out><![CDATA[Dado que eu tenha um 2202...................................................passed
Quando Eu solicitar a listagem destas CFOP's................................passed
Então Eu devo ter como retorno a "Devolução de venda de mercadoria adquirida ou recebida de terceiros".passed
]]></system-out>
</testcase>
<testcase classname="Consulta de CFOP'S" name="Pesquisar uma CFOP pelo código 174" time="0.004">
<system-out><![CDATA[Dado que eu tenha um 2203...................................................passed
Quando Eu solicitar a listagem destas CFOP's................................passed
Então Eu devo ter como retorno a "Devolução de venda de produção do estabelecimento, destinada à Zona Franca de Manaus ou Áreas de Livre Comércio".passed
]]></system-out>
</testcase>
<testcase classname="Consulta de CFOP'S" name="Pesquisar uma CFOP pelo código 175" time="0.004">
<system-out><![CDATA[Dado que eu tenha um 2204...................................................passed
Quando Eu solicitar a listagem destas CFOP's................................passed
Então Eu devo ter como retorno a "Devolução de venda de mercadoria adquirida ou recebida de terceiros, destinada à Zona Franca de Manaus ou Áreas de Livre Comércio".passed
]]></system-out>
</testcase>
<testcase classname="Consulta de CFOP'S" name="Pesquisar uma CFOP pelo código 176" time="0.004">
<system-out><![CDATA[Dado que eu tenha um 2205...................................................passed
Quando Eu solicitar a listagem destas CFOP's................................passed
Então Eu devo ter como retorno a "Anulação de valor relativo à prestação de serviço de comunicação".passed
]]></system-out>
</testcase>
<testcase classname="Consulta de CFOP'S" name="Pesquisar uma CFOP pelo código 177" time="0.006">
<system-out><![CDATA[Dado que eu tenha um 2206...................................................passed
Quando Eu solicitar a listagem destas CFOP's................................passed
Então Eu devo ter como retorno a "Anulação de valor relativo à prestação de serviço de transporte".passed
]]></system-out>
</testcase>
<testcase classname="Consulta de CFOP'S" name="Pesquisar uma CFOP pelo código 178" time="0.003">
<system-out><![CDATA[Dado que eu tenha um 2207...................................................passed
Quando Eu solicitar a listagem destas CFOP's................................passed
Então Eu devo ter como retorno a "Anulação de valor relativo à venda de energia elétrica".passed
]]></system-out>
</testcase>
<testcase classname="Consulta de CFOP'S" name="Pesquisar uma CFOP pelo código 179" time="0.003">
<system-out><![CDATA[Dado que eu tenha um 2208...................................................passed
Quando Eu solicitar a listagem destas CFOP's................................passed
Então Eu devo ter como retorno a "Devolução de produção do estabelecimento, remetida em transferência".passed
]]></system-out>
</testcase>
<testcase classname="Consulta de CFOP'S" name="Pesquisar uma CFOP pelo código 180" time="0.003">
<system-out><![CDATA[Dado que eu tenha um 2209...................................................passed
Quando Eu solicitar a listagem destas CFOP's................................passed
Então Eu devo ter como retorno a "Devolução de mercadoria adquirida ou recebida de terceiros, remetida em transferência".passed
]]></system-out>
</testcase>
<testcase classname="Consulta de CFOP'S" name="Pesquisar uma CFOP pelo código 181" time="0.003">
<system-out><![CDATA[Dado que eu tenha um 2212...................................................passed
Quando Eu solicitar a listagem destas CFOP's................................passed
[...]
Quando Eu solicitar a listagem destas CFOP's................................passed
Então Eu devo ter como retorno a "Devolução de compra para industrialização".passed
]]></system-out>
</testcase>
<testcase classname="Consulta de CFOP'S" name="Pesquisar uma CFOP pelo código 666" time="0.003">
<system-out><![CDATA[Dado que eu tenha um 7202...................................................passed
Quando Eu solicitar a listagem destas CFOP's................................passed
Então Eu devo ter como retorno a "Devolução de compra para comercialização".passed
]]></system-out>
</testcase>
<testcase classname="Consulta de CFOP'S" name="Pesquisar uma CFOP pelo código 667" time="0.004">
<system-out><![CDATA[Dado que eu tenha um 7205...................................................passed
Quando Eu solicitar a listagem destas CFOP's................................passed
Então Eu devo ter como retorno a "Anulação de valor relativo à aquisição de serviço de comunicação".passed
]]></system-out>
</testcase>
<testcase classname="Consulta de CFOP'S" name="Pesquisar uma CFOP pelo código 668" time="0.003">
<system-out><![CDATA[Dado que eu tenha um 7206...................................................passed
Quando Eu solicitar a listagem destas CFOP's................................passed
Então Eu devo ter como retorno a "Anulação de valor relativo a aquisição de serviço de transporte".passed
]]></system-out>
</testcase>
<testcase classname="Consulta de CFOP'S" name="Pesquisar uma CFOP pelo código 669" time="0.004">
<system-out><![CDATA[Dado que eu tenha um 7207...................................................passed
Quando Eu solicitar a listagem destas CFOP's................................passed
Então Eu devo ter como retorno a "Anulação de valor relativo à compra de energia elétrica".passed
]]></system-out>
</testcase>
<testcase classname="Consulta de CFOP'S" name="Pesquisar uma CFOP pelo código 670" time="0.003">
<system-out><![CDATA[Dado que eu tenha um 7210...................................................passed
Quando Eu solicitar a listagem destas CFOP's................................passed
Então Eu devo ter como retorno a "Devolução de compra para utilização na prestação de serviço".passed
]]></system-out>
</testcase>
<testcase classname="Consulta de CFOP'S" name="Pesquisar uma CFOP pelo código 671" time="0.003">
<system-out><![CDATA[Dado que eu tenha um 7211...................................................passed
Quando Eu solicitar a listagem destas CFOP's................................passed
Então Eu devo ter como retorno a "Devolução de compras para industrialização sob o regime de drawback".passed
]]></system-out>
</testcase>
<testcase classname="Consulta de CFOP'S" name="Pesquisar uma CFOP pelo código 672" time="0.004">
<system-out><![CDATA[Dado que eu tenha um 7212...................................................passed
Quando Eu solicitar a listagem destas CFOP's................................passed
Então Eu devo ter como retorno a "Devolução de compras para industrialização sob o regime de Regime Aduaneiro Especial de Entreposto Industrial sob Controle Informatizado do Sistema Público de Escrituração Digital (Recof-Sped)".passed
]]></system-out>
</testcase>
<testcase classname="Consulta de CFOP'S" name="Pesquisar uma CFOP pelo código 673" time="0.003">
<system-out><![CDATA[Dado que eu tenha um 7250...................................................passed
Quando Eu solicitar a listagem destas CFOP's................................passed
Então Eu devo ter como retorno a "VENDAS DE ENERGIA ELÉTRICA"...............passed
]]></system-out>
</testcase>
<testcase classname="Consulta de CFOP'S" name="Pesquisar uma CFOP pelo código 674" time="0.003">
<system-out><![CDATA[Dado que eu tenha um 7251...................................................passed
Quando Eu solicitar a listagem destas CFOP's................................passed
Então Eu devo ter como retorno a "Venda de energia elétrica para o exterior".passed
]]></system-out>
</testcase>
<testcase classname="Consulta de CFOP'S" name="Pesquisar uma CFOP pelo código 675" time="0.003">
<system-out><![CDATA[Dado que eu tenha um 7300...................................................passed
Quando Eu solicitar a listagem destas CFOP's................................passed
Então Eu devo ter como retorno a "PRESTAÇÕES DE SERVIÇOS DE COMUNICAÇÃO"....passed
]]></system-out>
</testcase>
<testcase classname="Consulta de CFOP'S" name="Pesquisar uma CFOP pelo código 676" time="0.003">
<system-out><![CDATA[Dado que eu tenha um 7301...................................................passed
Quando Eu solicitar a listagem destas CFOP's................................passed
Então Eu devo ter como retorno a "Prestação de serviço de comunicação para execução de serviço da mesma natureza".passed
]]></system-out>
</testcase>
<testcase classname="Consulta de CFOP'S" name="Pesquisar uma CFOP pelo código 677" time="0.003">
<system-out><![CDATA[Dado que eu tenha um 7350...................................................passed
Quando Eu solicitar a listagem destas CFOP's................................passed
Então Eu devo ter como retorno a "PRESTAÇÕES DE SERVIÇOS DE TRANSPORTE".....passed
]]></system-out>
</testcase>
<testcase classname="Consulta de CFOP'S" name="Pesquisar uma CFOP pelo código 678" time="0.003">
<system-out><![CDATA[Dado que eu tenha um 7358...................................................passed
Quando Eu solicitar a listagem destas CFOP's................................passed
Então Eu devo ter como retorno a "Prestação de serviço de transporte".......passed
]]></system-out>
</testcase>
<testcase classname="Consulta de CFOP'S" name="Pesquisar uma CFOP pelo código 679" time="0.003">
<system-out><![CDATA[Dado que eu tenha um 7500...................................................passed
Quando Eu solicitar a listagem destas CFOP's................................passed
Então Eu devo ter como retorno a "EXPORTAÇÃO DE MERCADORIAS RECEBIDAS COM FIM ESPECÍFICO DE EXPORTAÇÃO".passed
]]></system-out>
</testcase>
<testcase classname="Consulta de CFOP'S" name="Pesquisar uma CFOP pelo código 680" time="0.003">
<system-out><![CDATA[Dado que eu tenha um 7501...................................................passed
Quando Eu solicitar a listagem destas CFOP's................................passed
Então Eu devo ter como retorno a "Exportação de mercadorias recebidas com fim específico de exportação".passed
]]></system-out>
</testcase>
<testcase classname="Consulta de CFOP'S" name="Pesquisar uma CFOP pelo código 681" time="0.003">
<system-out><![CDATA[Dado que eu tenha um 7504...................................................passed
Quando Eu solicitar a listagem destas CFOP's................................passed
Então Eu devo ter como retorno a "Exportação de mercadoria que foi objeto de formação de lote de exportação".passed
]]></system-out>
</testcase>
<testcase classname="Consulta de CFOP'S" name="Pesquisar uma CFOP pelo código 682" time="0.003">
<system-out><![CDATA[Dado que eu tenha um 7550...................................................passed
Quando Eu solicitar a listagem destas CFOP's................................passed
Então Eu devo ter como retorno a "OPERAÇÕES COM BENS DE ATIVO IMOBILIZADO E MATERIAIS PARA USO OU CONSUMO".passed
]]></system-out>
</testcase>
<testcase classname="Consulta de CFOP'S" name="Pesquisar uma CFOP pelo código 683" time="0.003">
<system-out><![CDATA[Dado que eu tenha um 7551...................................................passed
Quando Eu solicitar a listagem destas CFOP's................................passed
Então Eu devo ter como retorno a "Venda de bem do ativo imobilizado"........passed
]]></system-out>
</testcase>
<testcase classname="Consulta de CFOP'S" name="Pesquisar uma CFOP pelo código 684" time="0.003">
<system-out><![CDATA[Dado que eu tenha um 7553...................................................passed
Quando Eu solicitar a listagem destas CFOP's................................passed
Então Eu devo ter como retorno a "Devolução de compra de bem para o ativo imobilizado".passed
]]></system-out>
</testcase>
<testcase classname="Consulta de CFOP'S" name="Pesquisar uma CFOP pelo código 685" time="0.003">
<system-out><![CDATA[Dado que eu tenha um 7556...................................................passed
Quando Eu solicitar a listagem destas CFOP's................................passed
Então Eu devo ter como retorno a "Devolução de compra de material de uso ou consumo".passed
]]></system-out>
</testcase>
<testcase classname="Consulta de CFOP'S" name="Pesquisar uma CFOP pelo código 686" time="0.003">
<system-out><![CDATA[Dado que eu tenha um 7650...................................................passed
Quando Eu solicitar a listagem destas CFOP's................................passed
Então Eu devo ter como retorno a "SAÍDAS DE COMBUSTÍVEIS, DERIVADOS OU NÃO DE PETRÓLEO E LUBRIFICANTES".passed
]]></system-out>
</testcase>
<testcase classname="Consulta de CFOP'S" name="Pesquisar uma CFOP pelo código 687" time="0.003">
<system-out><![CDATA[Dado que eu tenha um 7651...................................................passed
Quando Eu solicitar a listagem destas CFOP's................................passed
Então Eu devo ter como retorno a "Venda de combustível ou lubrificante de produção do estabelecimento destinado à industrialização subseqüente".passed
]]></system-out>
</testcase>
<testcase classname="Consulta de CFOP'S" name="Pesquisar uma CFOP pelo código 688" time="0.003">
<system-out><![CDATA[Dado que eu tenha um 7654...................................................passed
Quando Eu solicitar a listagem destas CFOP's................................passed
Então Eu devo ter como retorno a "Venda de combustível ou lubrificante adquirido ou recebido de terceiros destinado à industrialização subseqüente".passed
]]></system-out>
</testcase>
<testcase classname="Consulta de CFOP'S" name="Pesquisar uma CFOP pelo código 689" time="0.004">
<system-out><![CDATA[Dado que eu tenha um 7667...................................................passed
Quando Eu solicitar a listagem destas CFOP's................................passed
Então Eu devo ter como retorno a "Venda de combustível ou lubrificante a consumidor ou usuário final".passed
]]></system-out>
</testcase>
<testcase classname="Consulta de CFOP'S" name="Pesquisar uma CFOP pelo código 690" time="0.003">
<system-out><![CDATA[Dado que eu tenha um 7900...................................................passed
Quando Eu solicitar a listagem destas CFOP's................................passed
Então Eu devo ter como retorno a "OUTRAS SAÍDAS DE MERCADORIAS OU PRESTAÇÕES DE SERVIÇOS".passed
]]></system-out>
</testcase>
<testcase classname="Consulta de CFOP'S" name="Pesquisar uma CFOP pelo código 691" time="0.003">
<system-out><![CDATA[Dado que eu tenha um 7930...................................................passed
Quando Eu solicitar a listagem destas CFOP's................................passed
Então Eu devo ter como retorno a "Lançamento efetuado a título de devolução de bem cuja entrada tenha ocorrido sob amparo de regime especial aduaneiro de admissão temporária".passed
]]></system-out>
</testcase>
<testcase classname="Consulta de CFOP'S" name="Pesquisar uma CFOP pelo código 692" time="0.003">
<system-out><![CDATA[Dado que eu tenha um 7949...................................................passed
Quando Eu solicitar a listagem destas CFOP's................................passed
Então Eu devo ter como retorno a "Outra saída de mercadoria ou prestação de serviço não especificado".passed
]]></system-out>
</testcase>
<testcase classname="Consulta de CFOP'S" name="Busca de um CFOP inexistente" time="2.318">
<failure message="I/O error on GET request for &quot;http://localhost:8080/escrita/v1/cfops&quot;: Connection refused: connect; nested exception is java.net.ConnectException: Connection refused: connect" type="org.springframework.web.client.ResourceAccessException"><![CDATA[Dado que eu busco por uma CFOP inválida 5217................................passed
Quando Eu solicitar a busca desta CFOP......................................passed
Então Eu devo retornar que a CFOP não existe................................failed

StackTrace:
org.springframework.web.client.ResourceAccessException: I/O error on GET request for "http://localhost:8080/escrita/v1/cfops": Connection refused: connect; nested exception is java.net.ConnectException: Connection refused: connect
	at org.springframework.web.client.RestTemplate.doExecute(RestTemplate.java:748)
	at org.springframework.web.client.RestTemplate.execute(RestTemplate.java:674)
	at org.springframework.web.client.RestTemplate.getForEntity(RestTemplate.java:342)
	at com.devops.govtables.CfopTest.eu_devo_retornar_que_a_CFOP_não_existe(CfopTest.java:72)
	at ✽.Eu devo retornar que a CFOP não existe(classpath:features/cfop.feature:712)
Caused by: java.net.ConnectException: Connection refused: connect
	at java.net.DualStackPlainSocketImpl.connect0(Native Method)
	at java.net.DualStackPlainSocketImpl.socketConnect(DualStackPlainSocketImpl.java:79)
	at java.net.AbstractPlainSocketImpl.doConnect(AbstractPlainSocketImpl.java:350)
	at java.net.AbstractPlainSocketImpl.connectToAddress(AbstractPlainSocketImpl.java:206)
	at java.net.AbstractPlainSocketImpl.connect(AbstractPlainSocketImpl.java:188)
	at java.net.PlainSocketImpl.connect(PlainSocketImpl.java:172)
	at java.net.SocksSocketImpl.connect(SocksSocketImpl.java:392)
	at java.net.Socket.connect(Socket.java:589)
	at java.net.Socket.connect(Socket.java:538)
	at sun.net.NetworkClient.doConnect(NetworkClient.java:180)
	at sun.net.www.http.HttpClient.openServer(HttpClient.java:463)
	at sun.net.www.http.HttpClient.openServer(HttpClient.java:558)
	at sun.net.www.http.HttpClient.<init>(HttpClient.java:242)
	at sun.net.www.http.HttpClient.New(HttpClient.java:339)
	at sun.net.www.http.HttpClient.New(HttpClient.java:357)
	at sun.net.www.protocol.http.HttpURLConnection.getNewHttpClient(HttpURLConnection.java:1226)
	at sun.net.www.protocol.http.HttpURLConnection.plainConnect0(HttpURLConnection.java:1162)
	at sun.net.www.protocol.http.HttpURLConnection.plainConnect(HttpURLConnection.java:1056)
	at sun.net.www.protocol.http.HttpURLConnection.connect(HttpURLConnection.java:990)
	at org.springframework.http.client.SimpleBufferingClientHttpRequest.executeInternal(SimpleBufferingClientHttpRequest.java:76)
	at org.springframework.http.client.AbstractBufferingClientHttpRequest.executeInternal(AbstractBufferingClientHttpRequest.java:48)
	at org.springframework.http.client.AbstractClientHttpRequest.execute(AbstractClientHttpRequest.java:53)
	at org.springframework.web.client.RestTemplate.doExecute(RestTemplate.java:739)
	at org.springframework.web.client.RestTemplate.execute(RestTemplate.java:674)
	at org.springframework.web.client.RestTemplate.getForEntity(RestTemplate.java:342)
	at com.devops.govtables.CfopTest.eu_devo_retornar_que_a_CFOP_não_existe(CfopTest.java:72)
	at sun.reflect.NativeMethodAccessorImpl.invoke0(Native Method)
	at sun.reflect.NativeMethodAccessorImpl.invoke(NativeMethodAccessorImpl.java:62)
	at sun.reflect.DelegatingMethodAccessorImpl.invoke(DelegatingMethodAccessorImpl.java:43)
	at java.lang.reflect.Method.invoke(Method.java:498)
	at io.cucumber.java.Invoker.invoke(Invoker.java:27)
	at io.cucumber.java.JavaStepDefinition.execute(JavaStepDefinition.java:27)
	at io.cucumber.core.runner.PickleStepDefinitionMatch.runStep(PickleStepDefinitionMatch.java:63)
	at io.cucumber.core.runner.TestStep.executeStep(TestStep.java:64)
	at io.cucumber.core.runner.TestStep.run(TestStep.java:49)
	at io.cucumber.core.runner.PickleStepTestStep.run(PickleStepTestStep.java:46)
	at io.cucumber.core.runner.TestCase.run(TestCase.java:51)
	at io.cucumber.core.runner.Runner.runPickle(Runner.java:66)
	at io.cucumber.junit.PickleRunners$NoStepDescriptions.run(PickleRunners.java:149)
	at io.cucumber.junit.FeatureRunner.runChild(FeatureRunner.java:83)
	at io.cucumber.junit.FeatureRunner.runChild(FeatureRunner.java:24)
	at org.junit.runners.ParentRunner$3.run(ParentRunner.java:290)
	at org.junit.runners.ParentRunner$1.schedule(ParentRunner.java:71)
	at org.junit.runners.ParentRunner.runChildren(ParentRunner.java:288)
	at org.junit.runners.ParentRunner.access$000(ParentRunner.java:58)
	at org.junit.runners.ParentRunner$2.evaluate(ParentRunner.java:268)
	at org.junit.runners.ParentRunner.run(ParentRunner.java:363)
	at io.cucumber.junit.Cucumber.runChild(Cucumber.java:185)
	at io.cucumber.junit.Cucumber.runChild(Cucumber.java:83)
	at org.junit.runners.ParentRunner$3.run(ParentRunner.java:290)
	at org.junit.runners.ParentRunner$1.schedule(ParentRunner.java:71)
	at org.junit.runners.ParentRunner.runChildren(ParentRunner.java:288)
	at org.junit.runners.ParentRunner.access$000(ParentRunner.java:58)
	at org.junit.runners.ParentRunner$2.evaluate(ParentRunner.java:268)
	at io.cucumber.junit.Cucumber$RunCucumber.evaluate(Cucumber.java:219)
	at org.junit.runners.ParentRunner.run(ParentRunner.java:363)
	at org.gradle.api.internal.tasks.testing.junit.JUnitTestClassExecutor.runTestClass(JUnitTestClassExecutor.java:110)
	at org.gradle.api.internal.tasks.testing.junit.JUnitTestClassExecutor.execute(JUnitTestClassExecutor.java:58)
	at org.gradle.api.internal.tasks.testing.junit.JUnitTestClassExecutor.execute(JUnitTestClassExecutor.java:38)
	at org.gradle.api.internal.tasks.testing.junit.AbstractJUnitTestClassProcessor.processTestClass(AbstractJUnitTestClassProcessor.java:62)
	at org.gradle.api.internal.tasks.testing.SuiteTestClassProcessor.processTestClass(SuiteTestClassProcessor.java:51)
	at sun.reflect.NativeMethodAccessorImpl.invoke0(Native Method)
	at sun.reflect.NativeMethodAccessorImpl.invoke(NativeMethodAccessorImpl.java:62)
	at sun.reflect.DelegatingMethodAccessorImpl.invoke(DelegatingMethodAccessorImpl.java:43)
	at java.lang.reflect.Method.invoke(Method.java:498)
	at org.gradle.internal.dispatch.ReflectionDispatch.dispatch(ReflectionDispatch.java:36)
	at org.gradle.internal.dispatch.ReflectionDispatch.dispatch(ReflectionDispatch.java:24)
	at org.gradle.internal.dispatch.ContextClassLoaderDispatch.dispatch(ContextClassLoaderDispatch.java:33)
	at org.gradle.internal.dispatch.ProxyDispatchAdapter$DispatchingInvocationHandler.invoke(ProxyDispatchAdapter.java:94)
	at com.sun.proxy.$Proxy2.processTestClass(Unknown Source)
	at org.gradle.api.internal.tasks.testing.worker.TestWorker.processTestClass(TestWorker.java:118)
	at sun.reflect.NativeMethodAccessorImpl.invoke0(Native Method)
	at sun.reflect.NativeMethodAccessorImpl.invoke(NativeMethodAccessorImpl.java:62)
	at sun.reflect.DelegatingMethodAccessorImpl.invoke(DelegatingMethodAccessorImpl.java:43)
	at java.lang.reflect.Method.invoke(Method.java:498)
	at org.gradle.internal.dispatch.ReflectionDispatch.dispatch(ReflectionDispatch.java:36)
	at org.gradle.internal.dispatch.ReflectionDispatch.dispatch(ReflectionDispatch.java:24)
	at org.gradle.internal.remote.internal.hub.MessageHubBackedObjectConnection$DispatchWrapper.dispatch(MessageHubBackedObjectConnection.java:182)
	at org.gradle.internal.remote.internal.hub.MessageHubBackedObjectConnection$DispatchWrapper.dispatch(MessageHubBackedObjectConnection.java:164)
	at org.gradle.internal.remote.internal.hub.MessageHub$Handler.run(MessageHub.java:412)
	at org.gradle.internal.concurrent.ExecutorPolicy$CatchAndRecordFailures.onExecute(ExecutorPolicy.java:64)
	at org.gradle.internal.concurrent.ManagedExecutorImpl$1.run(ManagedExecutorImpl.java:48)
	at java.util.concurrent.ThreadPoolExecutor.runWorker(ThreadPoolExecutor.java:1149)
	at java.util.concurrent.ThreadPoolExecutor$Worker.run(ThreadPoolExecutor.java:624)
	at org.gradle.internal.concurrent.ThreadFactoryImpl$ManagedThreadRunnable.run(ThreadFactoryImpl.java:56)
	at java.lang.Thread.run(Thread.java:748)
]]></failure>
</testcase>
</testsuite>
